3/12/2023-7:39:25 AM (BUENO\jordan) | 
New deployment share created at 'C:\Deployment'
3/12/2023-7:39:25 AM (BUENO\jordan) | 
Deployment share at 'C:\Deployment' has been opened
3/12/2023-7:39:47 AM (BUENO\jordan) | 
Deployment share at 'C:\Deployment' has been opened
3/12/2023-7:39:47 AM (BUENO\jordan) | 
Deployment share at 'C:\Deployment' has been opened
3/12/2023-7:40:28 AM (BUENO\jordan) | 
Deployment share at 'C:\Deployment' has been opened
3/12/2023-11:04:35 PM (BUENO\jordan) | 
Deployment share at 'C:\MDT-Windows-Deployment\MDT-Windows-Deployment' has been opened
3/12/2023-11:04:37 PM (BUENO\jordan) | 
Deployment share at 'C:\MDT-Windows-Deployment\MDT-Windows-Deployment' has been opened
3/12/2023-11:04:37 PM (BUENO\jordan) | 
Deployment share at 'C:\MDT-Windows-Deployment\MDT-Windows-Deployment' has been opened
3/12/2023-11:09:43 PM (BUENO\jordan) | 
Deployment share at 'C:\MDT-Windows-Deployment\MDT-Windows-Deployment' has been opened
3/12/2023-11:10:26 PM (BUENO\jordan) | 
Invoking Import-MDTOperatingSystem on item Operating Systems for source E:\
3/12/2023-11:10:45 PM (BUENO\jordan) | 
New Item Operating Systems\Windows 10 Home in Windows 10 (22H2) install.wim created.
3/12/2023-11:10:46 PM (BUENO\jordan) | 
Setting Multivalued Property 'Member' for DS001:\Operating Systems to {6529de9f-bfae-414f-9ef0-a9dd43e4aa5b}
3/12/2023-11:10:46 PM (BUENO\jordan) | 
Item Windows 10 Home in Windows 10 (22H2) install.wim added to Group Operating Systems
3/12/2023-11:10:46 PM (BUENO\jordan) | 
New Item Operating Systems\Windows 10 Home N in Windows 10 (22H2) install.wim created.
3/12/2023-11:10:46 PM (BUENO\jordan) | 
Setting Multivalued Property 'Member' for DS001:\Operating Systems to {6529de9f-bfae-414f-9ef0-a9dd43e4aa5b}:{818b8cf7-204b-423b-845d-86c995a0a029}
3/12/2023-11:10:46 PM (BUENO\jordan) | 
Item Windows 10 Home N in Windows 10 (22H2) install.wim added to Group Operating Systems
3/12/2023-11:10:46 PM (BUENO\jordan) | 
New Item Operating Systems\Windows 10 Home Single Language in Windows 10 (22H2) install.wim created.
3/12/2023-11:10:46 PM (BUENO\jordan) | 
Setting Multivalued Property 'Member' for DS001:\Operating Systems to {6529de9f-bfae-414f-9ef0-a9dd43e4aa5b}:{818b8cf7-204b-423b-845d-86c995a0a029}:{734d1c5f-731c-440a-a1c6-d57123ee790a}
3/12/2023-11:10:46 PM (BUENO\jordan) | 
Item Windows 10 Home Single Language in Windows 10 (22H2) install.wim added to Group Operating Systems
3/12/2023-11:10:46 PM (BUENO\jordan) | 
New Item Operating Systems\Windows 10 Education in Windows 10 (22H2) install.wim created.
3/12/2023-11:10:46 PM (BUENO\jordan) | 
Setting Multivalued Property 'Member' for DS001:\Operating Systems to {07048909-913f-47d8-8bd9-cda66c55b452}:{6529de9f-bfae-414f-9ef0-a9dd43e4aa5b}:{818b8cf7-204b-423b-845d-86c995a0a029}:{734d1c5f-731c-440a-a1c6-d57123ee790a}
3/12/2023-11:10:46 PM (BUENO\jordan) | 
Item Windows 10 Education in Windows 10 (22H2) install.wim added to Group Operating Systems
3/12/2023-11:10:46 PM (BUENO\jordan) | 
New Item Operating Systems\Windows 10 Education N in Windows 10 (22H2) install.wim created.
3/12/2023-11:10:46 PM (BUENO\jordan) | 
Setting Multivalued Property 'Member' for DS001:\Operating Systems to {07048909-913f-47d8-8bd9-cda66c55b452}:{98071bd0-076a-4317-8f75-a4ebfa012571}:{6529de9f-bfae-414f-9ef0-a9dd43e4aa5b}:{818b8cf7-204b-423b-845d-86c995a0a029}:{734d1c5f-731c-440a-a1c6-d57123ee790a}
3/12/2023-11:10:46 PM (BUENO\jordan) | 
Item Windows 10 Education N in Windows 10 (22H2) install.wim added to Group Operating Systems
3/12/2023-11:10:46 PM (BUENO\jordan) | 
New Item Operating Systems\Windows 10 Pro in Windows 10 (22H2) install.wim created.
3/12/2023-11:10:46 PM (BUENO\jordan) | 
Setting Multivalued Property 'Member' for DS001:\Operating Systems to {07048909-913f-47d8-8bd9-cda66c55b452}:{98071bd0-076a-4317-8f75-a4ebfa012571}:{6529de9f-bfae-414f-9ef0-a9dd43e4aa5b}:{818b8cf7-204b-423b-845d-86c995a0a029}:{734d1c5f-731c-440a-a1c6-d57123ee790a}:{71ea0335-6a0d-4657-8585-78798ab818c8}
3/12/2023-11:10:46 PM (BUENO\jordan) | 
Item Windows 10 Pro in Windows 10 (22H2) install.wim added to Group Operating Systems
3/12/2023-11:10:46 PM (BUENO\jordan) | 
New Item Operating Systems\Windows 10 Pro N in Windows 10 (22H2) install.wim created.
3/12/2023-11:10:46 PM (BUENO\jordan) | 
Setting Multivalued Property 'Member' for DS001:\Operating Systems to {07048909-913f-47d8-8bd9-cda66c55b452}:{98071bd0-076a-4317-8f75-a4ebfa012571}:{6529de9f-bfae-414f-9ef0-a9dd43e4aa5b}:{818b8cf7-204b-423b-845d-86c995a0a029}:{734d1c5f-731c-440a-a1c6-d57123ee790a}:{71ea0335-6a0d-4657-8585-78798ab818c8}:{c50e543a-23d2-40f0-a545-6652d25ccb63}
3/12/2023-11:10:46 PM (BUENO\jordan) | 
Item Windows 10 Pro N in Windows 10 (22H2) install.wim added to Group Operating Systems
3/12/2023-11:10:46 PM (BUENO\jordan) | 
New Item Operating Systems\Windows 10 Pro Education in Windows 10 (22H2) install.wim created.
3/12/2023-11:10:46 PM (BUENO\jordan) | 
Setting Multivalued Property 'Member' for DS001:\Operating Systems to {07048909-913f-47d8-8bd9-cda66c55b452}:{98071bd0-076a-4317-8f75-a4ebfa012571}:{6529de9f-bfae-414f-9ef0-a9dd43e4aa5b}:{818b8cf7-204b-423b-845d-86c995a0a029}:{734d1c5f-731c-440a-a1c6-d57123ee790a}:{ebf4995e-85ad-4c16-a8ee-8d71f07d4f62}:{71ea0335-6a0d-4657-8585-78798ab818c8}:{c50e543a-23d2-40f0-a545-6652d25ccb63}
3/12/2023-11:10:46 PM (BUENO\jordan) | 
Item Windows 10 Pro Education in Windows 10 (22H2) install.wim added to Group Operating Systems
3/12/2023-11:10:46 PM (BUENO\jordan) | 
New Item Operating Systems\Windows 10 Pro Education N in Windows 10 (22H2) install.wim created.
3/12/2023-11:10:46 PM (BUENO\jordan) | 
Setting Multivalued Property 'Member' for DS001:\Operating Systems to {07048909-913f-47d8-8bd9-cda66c55b452}:{98071bd0-076a-4317-8f75-a4ebfa012571}:{6529de9f-bfae-414f-9ef0-a9dd43e4aa5b}:{818b8cf7-204b-423b-845d-86c995a0a029}:{734d1c5f-731c-440a-a1c6-d57123ee790a}:{ebf4995e-85ad-4c16-a8ee-8d71f07d4f62}:{bac7b7d5-4953-4f26-940e-371914598f94}:{71ea0335-6a0d-4657-8585-78798ab818c8}:{c50e543a-23d2-40f0-a545-6652d25ccb63}
3/12/2023-11:10:46 PM (BUENO\jordan) | 
Item Windows 10 Pro Education N in Windows 10 (22H2) install.wim added to Group Operating Systems
3/12/2023-11:10:46 PM (BUENO\jordan) | 
New Item Operating Systems\Windows 10 Pro for Workstations in Windows 10 (22H2) install.wim created.
3/12/2023-11:10:46 PM (BUENO\jordan) | 
Setting Multivalued Property 'Member' for DS001:\Operating Systems to {07048909-913f-47d8-8bd9-cda66c55b452}:{98071bd0-076a-4317-8f75-a4ebfa012571}:{6529de9f-bfae-414f-9ef0-a9dd43e4aa5b}:{818b8cf7-204b-423b-845d-86c995a0a029}:{734d1c5f-731c-440a-a1c6-d57123ee790a}:{ebf4995e-85ad-4c16-a8ee-8d71f07d4f62}:{bac7b7d5-4953-4f26-940e-371914598f94}:{bbf4ce99-575f-4420-9b4b-e14e5f0574f7}:{71ea0335-6a0d-4657-8585-78798ab818c8}:{c50e543a-23d2-40f0-a545-6652d25ccb63}
3/12/2023-11:10:46 PM (BUENO\jordan) | 
Item Windows 10 Pro for Workstations in Windows 10 (22H2) install.wim added to Group Operating Systems
3/12/2023-11:10:46 PM (BUENO\jordan) | 
New Item Operating Systems\Windows 10 Pro N for Workstations in Windows 10 (22H2) install.wim created.
3/12/2023-11:10:46 PM (BUENO\jordan) | 
Setting Multivalued Property 'Member' for DS001:\Operating Systems to {07048909-913f-47d8-8bd9-cda66c55b452}:{98071bd0-076a-4317-8f75-a4ebfa012571}:{6529de9f-bfae-414f-9ef0-a9dd43e4aa5b}:{818b8cf7-204b-423b-845d-86c995a0a029}:{734d1c5f-731c-440a-a1c6-d57123ee790a}:{ebf4995e-85ad-4c16-a8ee-8d71f07d4f62}:{bac7b7d5-4953-4f26-940e-371914598f94}:{bbf4ce99-575f-4420-9b4b-e14e5f0574f7}:{71ea0335-6a0d-4657-8585-78798ab818c8}:{178ebc7c-c7bd-43c7-967b-02998ffb7741}:{c50e543a-23d2-40f0-a545-6652d25ccb63}
3/12/2023-11:10:46 PM (BUENO\jordan) | 
Item Windows 10 Pro N for Workstations in Windows 10 (22H2) install.wim added to Group Operating Systems
3/12/2023-11:18:24 PM (BUENO\jordan) | 
Invoking Import-MDTTaskSequence on item Task Sequences for template Client.xml
3/12/2023-11:18:24 PM (BUENO\jordan) | 
New Item Task Sequences\Windows 10 - 22H2 (MUI) created.
3/12/2023-11:18:24 PM (BUENO\jordan) | 
Setting Multivalued Property 'Member' for DS001:\Task Sequences to {d5df9ac9-8b62-4bf7-973b-1a86abfcffaf}
3/12/2023-11:18:24 PM (BUENO\jordan) | 
Item Windows 10 - 22H2 (MUI) added to Group Task Sequences
3/12/2023-11:18:41 PM (BUENO\jordan) | 
Deployment share at 'C:\MDT-Windows-Deployment\MDT-Windows-Deployment' has been opened
